#----------------------------------------------------------------------------
#       WindRiver Workbench generator
#
# $Id$
#
# This file was generated by MPC.  Any changes made directly to
# this file will be lost the next time it is generated.
# MPC Command:
# /home/mitza/wb30_MPC/mwc.pl -include config -type wb30
#----------------------------------------------------------------------------
/tao_builds/mitza/MPC_TEST/tests/circular_dependencies/NodeManager/wb_NodeManager_stub/.project
/tao_builds/mitza/MPC_TEST/tests/circular_dependencies/DomainApplicationManager/wb_DomainApplicationManager/.project
/tao_builds/mitza/MPC_TEST/tests/circular_dependencies/NodeApplication/wb_NodeApplication/.project
/tao_builds/mitza/MPC_TEST/tests/circular_dependencies/NodeApplication/wb_RTNA_Configurator/.project
/tao_builds/mitza/MPC_TEST/tests/circular_dependencies/NodeApplicationManager/wb_NodeApplicationManager/.project
/tao_builds/mitza/MPC_TEST/tests/circular_dependencies/NodeManager/wb_Monitor_Monitorlib/.project
/tao_builds/mitza/MPC_TEST/tests/circular_dependencies/TargetManager/wb_CIAO_TargetManager_stub/.project
/tao_builds/mitza/MPC_TEST/tests/circular_dependencies/NodeManager/wb_NodeManager/.project
/tao_builds/mitza/MPC_TEST/tests/circular_dependencies/NodeManager/wb_lib/.project
/tao_builds/mitza/MPC_TEST/tests/circular_dependencies/TargetManager/wb_CIAO_TargetManager_svnt/.project
/tao_builds/mitza/MPC_TEST/tests/circular_dependencies/TargetManager/wb_CIAO_TargetManager_exec/.project
/tao_builds/mitza/MPC_TEST/tests/circular_dependencies/TargetManager/wb_TMClient/.project
